action: my_env, msg: getenv
cwd: /home/sssbjz/PycharmProjects/pythonProject
cmd: /home/sssbjz/PycharmProjects/pythonProject/.tox/my_env/bin/python -m pip install pytest -rrequirements.txt
Collecting pytest
  Using cached pytest-6.2.3-py3-none-any.whl (280 kB)
Collecting lizard==1.17.7
  Using cached lizard-1.17.7-py2.py3-none-any.whl (62 kB)
Collecting iniconfig
  Using cached iniconfig-1.1.1-py2.py3-none-any.whl (5.0 kB)
Collecting py>=1.8.2
  Using cached py-1.10.0-py2.py3-none-any.whl (97 kB)
Collecting pluggy<1.0.0a1,>=0.12
  Using cached pluggy-0.13.1-py2.py3-none-any.whl (18 kB)
Collecting attrs>=19.2.0
  Using cached attrs-20.3.0-py2.py3-none-any.whl (49 kB)
Collecting packaging
  Using cached packaging-20.9-py2.py3-none-any.whl (40 kB)
Collecting toml
  Using cached toml-0.10.2-py2.py3-none-any.whl (16 kB)
Collecting pyparsing>=2.0.2
  Using cached pyparsing-2.4.7-py2.py3-none-any.whl (67 kB)
Installing collected packages: iniconfig, py, pluggy, attrs, pyparsing, packaging, toml, pytest, lizard
Successfully installed attrs-20.3.0 iniconfig-1.1.1 lizard-1.17.7 packaging-20.9 pluggy-0.13.1 py-1.10.0 pyparsing-2.4.7 pytest-6.2.3 toml-0.10.2
